<?xml version="1.0" encoding="UTF-8"?>
<!-- Generated by org.testng.reporters.JUnitReportReporter -->
<testsuite skipped="0" hostname="LP-PC0MQFYK" name="com.seleniumdemo.TestDemo" tests="2" failures="0" timestamp="28 Feb 2018 20:20:16 GMT" time="0.031" errors="0">
  <testcase name="m1" time="0.002" classname="com.seleniumdemo.TestDemo"/>
  <testcase name="m" time="0.029" classname="com.seleniumdemo.TestDemo"/>
</testsuite> <!-- com.seleniumdemo.TestDemo -->
