<?xml version="1.0" encoding="UTF-8"?>
<!-- Generated by org.testng.reporters.JUnitReportReporter -->
<testsuite skipped="0" hostname="LP-PC0MQFYK" name="com.seleniumdemo.TestDemo" tests="2" failures="0" timestamp="23 Mar 2018 17:27:33 GMT" time="0.019" errors="0">
  <testcase name="m" time="0.018" classname="com.seleniumdemo.TestDemo"/>
  <testcase name="m1" time="0.001" classname="com.seleniumdemo.TestDemo"/>
</testsuite> <!-- com.seleniumdemo.TestDemo -->
